2019-03-27 19:49:45.225  INFO 6452 --- [main] c.i.e.ElektronskiDnevnikApplication      : Starting ElektronskiDnevnikApplication on PAPO-PC with PID 6452 (started by PAPO in D:\projekat elektronski dnevnik II\elektronski_dnevnik_back-end-master)
2019-03-27 19:49:45.235  INFO 6452 --- [main] c.i.e.ElektronskiDnevnikApplication      : No active profile set, falling back to default profiles: default
2019-03-27 19:49:45.486  INFO 6452 --- [main] ConfigServletWebServerApplicationContext : Refreshing org.springframework.boot.web.servlet.context.AnnotationConfigServletWebServerApplicationContext@9f116cc: startup date [Wed Mar 27 19:49:45 CET 2019]; root of context hierarchy
2019-03-27 19:49:53.263  INFO 6452 --- [main] trationDelegate$BeanPostProcessorChecker : Bean 'org.springframework.transaction.annotation.ProxyTransactionManagementConfiguration' of type [org.springframework.transaction.annotation.ProxyTransactionManagementConfiguration$$EnhancerBySpringCGLIB$$81c0fb82] is not eligible for getting processed by all BeanPostProcessors (for example: not eligible for auto-proxying)
2019-03-27 19:49:53.560  INFO 6452 --- [main] trationDelegate$BeanPostProcessorChecker : Bean 'org.springframework.security.config.annotation.configuration.ObjectPostProcessorConfiguration' of type [org.springframework.security.config.annotation.configuration.ObjectPostProcessorConfiguration$$EnhancerBySpringCGLIB$$1a6ec3bc] is not eligible for getting processed by all BeanPostProcessors (for example: not eligible for auto-proxying)
2019-03-27 19:49:53.582  INFO 6452 --- [main] trationDelegate$BeanPostProcessorChecker : Bean 'objectPostProcessor' of type [org.springframework.security.config.annotation.configuration.AutowireBeanFactoryObjectPostProcessor] is not eligible for getting processed by all BeanPostProcessors (for example: not eligible for auto-proxying)
2019-03-27 19:49:53.585  INFO 6452 --- [main] trationDelegate$BeanPostProcessorChecker : Bean 'org.springframework.security.access.expression.method.DefaultMethodSecurityExpressionHandler@53b98ff6' of type [org.springframework.security.access.expression.method.DefaultMethodSecurityExpressionHandler] is not eligible for getting processed by all BeanPostProcessors (for example: not eligible for auto-proxying)
2019-03-27 19:49:53.602  INFO 6452 --- [main] trationDelegate$BeanPostProcessorChecker : Bean 'org.springframework.security.config.annotation.method.configuration.GlobalMethodSecurityConfiguration' of type [org.springframework.security.config.annotation.method.configuration.GlobalMethodSecurityConfiguration$$EnhancerBySpringCGLIB$$3f43666e] is not eligible for getting processed by all BeanPostProcessors (for example: not eligible for auto-proxying)
2019-03-27 19:49:53.634  INFO 6452 --- [main] trationDelegate$BeanPostProcessorChecker : Bean 'methodSecurityMetadataSource' of type [org.springframework.security.access.method.DelegatingMethodSecurityMetadataSource] is not eligible for getting processed by all BeanPostProcessors (for example: not eligible for auto-proxying)
2019-03-27 19:49:54.977  INFO 6452 --- [main] o.s.b.w.embedded.tomcat.TomcatWebServer  : Tomcat initialized with port(s): 8090 (http)
2019-03-27 19:49:55.082  INFO 6452 --- [main] o.apache.catalina.core.StandardService   : Starting service [Tomcat]
2019-03-27 19:49:55.083  INFO 6452 --- [main] org.apache.catalina.core.StandardEngine  : Starting Servlet Engine: Apache Tomcat/8.5.31
2019-03-27 19:49:55.106  INFO 6452 --- [localhost-startStop-1] o.a.catalina.core.AprLifecycleListener   : The APR based Apache Tomcat Native library which allows optimal performance in production environments was not found on the java.library.path: [C:\Program Files\Java\jre1.8.0_162\bin;C:\Windows\Sun\Java\bin;C:\Windows\system32;C:\Windows;C:/Program Files/Java/jre1.8.0_191/bin/server;C:/Program Files/Java/jre1.8.0_191/bin;C:/Program Files/Java/jre1.8.0_191/lib/amd64;C:\Program Files (x86)\Common Files\Oracle\Java\javapath;C:\Python27\;C:\Python27\Scripts;D:\Program Files\MAVEN\apache-maven-3.5.0-bin\apache-maven-3.5.0\bin;C:\Program Files\Java\jdk1.8.0_162\bin;C:\Users\PAPO\AppData\Roaming\nvm;C:\Program Files\nodejs;D:\Microsoft VS Code\bin;D:\Program Files\Git\cmd;C:\Users\PAPO\AppData\Local\Android\Sdk\platform-tools;C:\ProgramData\chocolatey\bin;C:\Program Files\nodejs\;C:\Program Files\MySQL\MySQL Utilities 1.6\;C:\Program Files\Intel\WiFi\bin\;C:\Program Files\Common Files\Intel\WirelessCommon\;C:\Users\PAPO\AppData\Local\atom\bin;C:\Users\PAPO\AppData\Roaming\nvm;C:\Program Files\nodejs;C:\Users\PAPO\AppData\Local\Android\Sdk\platform-tools;C:\Users\PAPO\AppData\Roaming\npm;D:\Program Files\SPRING\spring-tool-suite-3.8.4.RELEASE-e4.6.3-win32-x86_64\sts-bundle\sts-3.8.4.RELEASE;;.]
2019-03-27 19:49:55.411  INFO 6452 --- [localhost-startStop-1] o.a.c.c.C.[Tomcat].[localhost].[/]       : Initializing Spring embedded WebApplicationContext
2019-03-27 19:49:55.411  INFO 6452 --- [localhost-startStop-1] o.s.web.context.ContextLoader            : Root WebApplicationContext: initialization completed in 9925 ms
2019-03-27 19:49:56.105  INFO 6452 --- [localhost-startStop-1] o.s.b.w.servlet.FilterRegistrationBean   : Mapping filter: 'characterEncodingFilter' to: [/*]
2019-03-27 19:49:56.107  INFO 6452 --- [localhost-startStop-1] o.s.b.w.servlet.FilterRegistrationBean   : Mapping filter: 'hiddenHttpMethodFilter' to: [/*]
2019-03-27 19:49:56.107  INFO 6452 --- [localhost-startStop-1] o.s.b.w.servlet.FilterRegistrationBean   : Mapping filter: 'httpPutFormContentFilter' to: [/*]
2019-03-27 19:49:56.107  INFO 6452 --- [localhost-startStop-1] o.s.b.w.servlet.FilterRegistrationBean   : Mapping filter: 'requestContextFilter' to: [/*]
2019-03-27 19:49:56.108  INFO 6452 --- [localhost-startStop-1] .s.DelegatingFilterProxyRegistrationBean : Mapping filter: 'springSecurityFilterChain' to: [/*]
2019-03-27 19:49:56.109  INFO 6452 --- [localhost-startStop-1] o.s.b.w.servlet.ServletRegistrationBean  : Servlet dispatcherServlet mapped to [/]
2019-03-27 19:49:57.114  INFO 6452 --- [main] com.zaxxer.hikari.HikariDataSource       : HikariPool-1 - Starting...
2019-03-27 19:49:57.129  WARN 6452 --- [main] com.zaxxer.hikari.util.DriverDataSource  : Registered driver with driverClassName=com.mysql.jdbc.Driver was not found, trying direct instantiation.
2019-03-27 19:49:58.407  INFO 6452 --- [main] com.zaxxer.hikari.HikariDataSource       : HikariPool-1 - Start completed.
2019-03-27 19:49:58.587  INFO 6452 --- [main] j.LocalContainerEntityManagerFactoryBean : Building JPA container EntityManagerFactory for persistence unit 'default'
2019-03-27 19:50:03.077  INFO 6452 --- [main] j.LocalContainerEntityManagerFactoryBean : Initialized JPA EntityManagerFactory for persistence unit 'default'
2019-03-27 19:50:06.781  INFO 6452 --- [main] o.s.w.s.handler.SimpleUrlHandlerMapping  : Mapped URL path [/**/favicon.ico] onto handler of type [class org.springframework.web.servlet.resource.ResourceHttpRequestHandler]
2019-03-27 19:50:06.843  WARN 6452 --- [main] aWebConfiguration$JpaWebMvcConfiguration : spring.jpa.open-in-view is enabled by default. Therefore, database queries may be performed during view rendering. Explicitly configure spring.jpa.open-in-view to disable this warning
2019-03-27 19:50:07.184  INFO 6452 --- [main] s.w.s.m.m.a.RequestMappingHandlerMapping : Mapped "{[/API/V1/admin],methods=[POST]}" onto public org.springframework.http.ResponseEntity<?> com.iktpreobuka.elektronskidnevnik.controllers.AdminController.dodatiAdmina(com.iktpreobuka.elektronskidnevnik.entities.AdminEntity,org.springframework.validation.BindingResult)
2019-03-27 19:50:07.195  INFO 6452 --- [main] s.w.s.m.m.a.RequestMappingHandlerMapping : Mapped "{[/API/V1/admin],methods=[GET]}" onto public org.springframework.http.ResponseEntity<?> com.iktpreobuka.elektronskidnevnik.controllers.AdminController.prikazatiAdmine()
2019-03-27 19:50:07.199  INFO 6452 --- [main] s.w.s.m.m.a.RequestMappingHandlerMapping : Mapped "{[/API/V1/admin/logs/{fileName:.+}]}" onto public void com.iktpreobuka.elektronskidnevnik.controllers.AdminController.downloader(javax.servlet.http.HttpServletRequest,javax.servlet.http.HttpServletResponse,java.lang.String)
2019-03-27 19:50:07.210  INFO 6452 --- [main] s.w.s.m.m.a.RequestMappingHandlerMapping : Mapped "{[/API/V1/auth/login],methods=[POST]}" onto public org.springframework.http.ResponseEntity<java.lang.Object> com.iktpreobuka.elektronskidnevnik.controllers.AuthController.login()
2019-03-27 19:50:07.227  INFO 6452 --- [main] s.w.s.m.m.a.RequestMappingHandlerMapping : Mapped "{[/API/V1/nastavnik],methods=[POST]}" onto public org.springframework.http.ResponseEntity<?> com.iktpreobuka.elektronskidnevnik.controllers.NastavnikController.dodatiNastavnika(com.iktpreobuka.elektronskidnevnik.entities.NastavnikEntity,org.springframework.validation.BindingResult)
2019-03-27 19:50:07.231  INFO 6452 --- [main] s.w.s.m.m.a.RequestMappingHandlerMapping : Mapped "{[/API/V1/nastavnik/ime/{imeNastavnika}/prezime/{prezimeNastavnika}],methods=[GET]}" onto public org.springframework.http.ResponseEntity<?> com.iktpreobuka.elektronskidnevnik.controllers.NastavnikController.pronaciNastavnikaPremaImenuIPrezimenu(java.lang.String,java.lang.String)
2019-03-27 19:50:07.232  INFO 6452 --- [main] s.w.s.m.m.a.RequestMappingHandlerMapping : Mapped "{[/API/V1/nastavnik/odeljenja-predmeti/{idNastavnika}],methods=[GET]}" onto public org.springframework.http.ResponseEntity<?> com.iktpreobuka.elektronskidnevnik.controllers.NastavnikController.pronaciOdeljenjaIPredmeteNastavnik(java.lang.Integer)
2019-03-27 19:50:07.234  INFO 6452 --- [main] s.w.s.m.m.a.RequestMappingHandlerMapping : Mapped "{[/API/V1/nastavnik/{idNastavnika}],methods=[PUT]}" onto public org.springframework.http.ResponseEntity<?> com.iktpreobuka.elektronskidnevnik.controllers.NastavnikController.izmenitiNastavnika(com.iktpreobuka.elektronskidnevnik.entities.NastavnikEntity,java.lang.Integer,org.springframework.validation.BindingResult)
2019-03-27 19:50:07.237  INFO 6452 --- [main] s.w.s.m.m.a.RequestMappingHandlerMapping : Mapped "{[/API/V1/nastavnik/{idNastavnika}],methods=[DELETE]}" onto public org.springframework.http.ResponseEntity<?> com.iktpreobuka.elektronskidnevnik.controllers.NastavnikController.izbrisatiNastavnika(java.lang.Integer)
2019-03-27 19:50:07.242  INFO 6452 --- [main] s.w.s.m.m.a.RequestMappingHandlerMapping : Mapped "{[/API/V1/nastavnik/{idNastavnika}],methods=[GET]}" onto public org.springframework.http.ResponseEntity<?> com.iktpreobuka.elektronskidnevnik.controllers.NastavnikController.pronaciNastavnika(java.lang.Integer)
2019-03-27 19:50:07.243  INFO 6452 --- [main] s.w.s.m.m.a.RequestMappingHandlerMapping : Mapped "{[/API/V1/nastavnik],methods=[GET]}" onto public org.springframework.http.ResponseEntity<?> com.iktpreobuka.elektronskidnevnik.controllers.NastavnikController.prikazatiNastavnike()
2019-03-27 19:50:07.244  INFO 6452 --- [main] s.w.s.m.m.a.RequestMappingHandlerMapping : Mapped "{[/API/V1/nastavnik/nastavnici-odeljenja/{idOdeljenja}],methods=[GET]}" onto public org.springframework.http.ResponseEntity<?> com.iktpreobuka.elektronskidnevnik.controllers.NastavnikController.pronaciNastavnikeOdeljenja(java.lang.Integer)
2019-03-27 19:50:07.258  INFO 6452 --- [main] s.w.s.m.m.a.RequestMappingHandlerMapping : Mapped "{[/API/V1/ocena/ucenik/{idUcenika}/odeljenjePredmetNastavnik/{idOdeljenjePredmetNastavnik}],methods=[POST]}" onto public org.springframework.http.ResponseEntity<?> com.iktpreobuka.elektronskidnevnik.controllers.OcenaController.dodatiOcenu(com.iktpreobuka.elektronskidnevnik.entities.OcenaEntity,java.lang.Integer,java.lang.Integer,org.springframework.validation.BindingResult) throws java.lang.Exception
2019-03-27 19:50:07.259  INFO 6452 --- [main] s.w.s.m.m.a.RequestMappingHandlerMapping : Mapped "{[/API/V1/ocena/{idOcene}],methods=[PUT]}" onto private org.springframework.http.ResponseEntity<?> com.iktpreobuka.elektronskidnevnik.controllers.OcenaController.izmenitiOcenu(com.iktpreobuka.elektronskidnevnik.entities.OcenaEntity,java.lang.Integer,org.springframework.validation.BindingResult)
2019-03-27 19:50:07.261  INFO 6452 --- [main] s.w.s.m.m.a.RequestMappingHandlerMapping : Mapped "{[/API/V1/ocena/{idOcene}],methods=[DELETE]}" onto public org.springframework.http.ResponseEntity<?> com.iktpreobuka.elektronskidnevnik.controllers.OcenaController.brisatiOcenu(java.lang.Integer)
2019-03-27 19:50:07.262  INFO 6452 --- [main] s.w.s.m.m.a.RequestMappingHandlerMapping : Mapped "{[/API/V1/ocena/{idOcene}],methods=[GET]}" onto public org.springframework.http.ResponseEntity<?> com.iktpreobuka.elektronskidnevnik.controllers.OcenaController.pronaciOcenu(java.lang.Integer)
2019-03-27 19:50:07.266  INFO 6452 --- [main] s.w.s.m.m.a.RequestMappingHandlerMapping : Mapped "{[/API/V1/ocena],methods=[GET]}" onto public org.springframework.http.ResponseEntity<?> com.iktpreobuka.elektronskidnevnik.controllers.OcenaController.prikazatiOcene()
2019-03-27 19:50:07.267  INFO 6452 --- [main] s.w.s.m.m.a.RequestMappingHandlerMapping : Mapped "{[/API/V1/ocena/ucenik/{idUcenika}],methods=[GET]}" onto public org.springframework.http.ResponseEntity<?> com.iktpreobuka.elektronskidnevnik.controllers.OcenaController.pronaciOceneUcenika(java.lang.Integer)
2019-03-27 19:50:07.269  INFO 6452 --- [main] s.w.s.m.m.a.RequestMappingHandlerMapping : Mapped "{[/API/V1/ocena/ocene-ucenika/{idOdeljenjePredmetNastavnik}],methods=[GET]}" onto public org.springframework.http.ResponseEntity<?> com.iktpreobuka.elektronskidnevnik.controllers.OcenaController.pronaciOceneUcenikaPredmeta(java.lang.Integer)
2019-03-27 19:50:07.270  INFO 6452 --- [main] s.w.s.m.m.a.RequestMappingHandlerMapping : Mapped "{[/API/V1/ocena/datumom],methods=[GET]}" onto public org.springframework.http.ResponseEntity<?> com.iktpreobuka.elektronskidnevnik.controllers.OcenaController.pronaciOcenePoDatumuNovo(java.util.Date)
2019-03-27 19:50:07.271  INFO 6452 --- [main] s.w.s.m.m.a.RequestMappingHandlerMapping : Mapped "{[/API/V1/ocena/datumi],methods=[GET]}" onto public org.springframework.http.ResponseEntity<?> com.iktpreobuka.elektronskidnevnik.controllers.OcenaController.pronaciOcenePoDvaDatumuNovooo(java.util.Date,java.util.Date) throws java.text.ParseException
2019-03-27 19:50:07.274  INFO 6452 --- [main] s.w.s.m.m.a.RequestMappingHandlerMapping : Mapped "{[/API/V1/odeljenje],methods=[POST]}" onto public org.springframework.http.ResponseEntity<?> com.iktpreobuka.elektronskidnevnik.controllers.OdeljenjeController.dodatiOdeljenje(com.iktpreobuka.elektronskidnevnik.entities.OdeljenjeEntity,org.springframework.validation.BindingResult)
2019-03-27 19:50:07.275  INFO 6452 --- [main] s.w.s.m.m.a.RequestMappingHandlerMapping : Mapped "{[/API/V1/odeljenje/{idOdeljenja}],methods=[GET]}" onto public org.springframework.http.ResponseEntity<?> com.iktpreobuka.elektronskidnevnik.controllers.OdeljenjeController.pronaciOdeljenje(java.lang.Integer)
2019-03-27 19:50:07.284  INFO 6452 --- [main] s.w.s.m.m.a.RequestMappingHandlerMapping : Mapped "{[/API/V1/odeljenje/{idOdeljenja}],methods=[PUT]}" onto public org.springframework.http.ResponseEntity<?> com.iktpreobuka.elektronskidnevnik.controllers.OdeljenjeController.izmenitiOdeljenje(com.iktpreobuka.elektronskidnevnik.entities.OdeljenjeEntity,java.lang.Integer,org.springframework.validation.BindingResult)
2019-03-27 19:50:07.285  INFO 6452 --- [main] s.w.s.m.m.a.RequestMappingHandlerMapping : Mapped "{[/API/V1/odeljenje/{idOdeljenja}],methods=[DELETE]}" onto public org.springframework.http.ResponseEntity<?> com.iktpreobuka.elektronskidnevnik.controllers.OdeljenjeController.izbrisatiOdeljenje(java.lang.Integer)
2019-03-27 19:50:07.286  INFO 6452 --- [main] s.w.s.m.m.a.RequestMappingHandlerMapping : Mapped "{[/API/V1/odeljenje],methods=[GET]}" onto public org.springframework.http.ResponseEntity<?> com.iktpreobuka.elektronskidnevnik.controllers.OdeljenjeController.prikazatiOdeljenja()
2019-03-27 19:50:07.290  INFO 6452 --- [main] s.w.s.m.m.a.RequestMappingHandlerMapping : Mapped "{[/API/V1/odeljenje-predmet-nastavnik/{idOdeljenjePredmetNastavnik}],methods=[DELETE]}" onto public org.springframework.http.ResponseEntity<?> com.iktpreobuka.elektronskidnevnik.controllers.OdeljenjePredmetNastavnikController.obrisatiOdeljenjePredmetNastavnik(java.lang.Integer)
2019-03-27 19:50:07.292  INFO 6452 --- [main] s.w.s.m.m.a.RequestMappingHandlerMapping : Mapped "{[/API/V1/odeljenje-predmet-nastavnik],methods=[GET]}" onto public org.springframework.http.ResponseEntity<?> com.iktpreobuka.elektronskidnevnik.controllers.OdeljenjePredmetNastavnikController.prikazatiOdeljenjePredmetNastavnik()
2019-03-27 19:50:07.293  INFO 6452 --- [main] s.w.s.m.m.a.RequestMappingHandlerMapping : Mapped "{[/API/V1/odeljenje-predmet-nastavnik/nastavnici-predmeti/{idOdeljenja}],methods=[GET]}" onto public org.springframework.http.ResponseEntity<?> com.iktpreobuka.elektronskidnevnik.controllers.OdeljenjePredmetNastavnikController.pronaciNastavnikeOdeljenja(java.lang.Integer)
2019-03-27 19:50:07.294  INFO 6452 --- [main] s.w.s.m.m.a.RequestMappingHandlerMapping : Mapped "{[/API/V1/odeljenje-predmet-nastavnik/odeljenje/{idOdeljenja}/predmet/{idPredmeta}/nastavnik/{idNastavnika}],methods=[POST]}" onto public org.springframework.http.ResponseEntity<?> com.iktpreobuka.elektronskidnevnik.controllers.OdeljenjePredmetNastavnikController.dodatiOdeljenjaPredmetNastavnik(java.lang.Integer,java.lang.Integer,java.lang.Integer)
2019-03-27 19:50:07.295  INFO 6452 --- [main] s.w.s.m.m.a.RequestMappingHandlerMapping : Mapped "{[/API/V1/odeljenje-predmet-nastavnik/{idOdeljenjePredmetNastavnik}],methods=[GET]}" onto public org.springframework.http.ResponseEntity<?> com.iktpreobuka.elektronskidnevnik.controllers.OdeljenjePredmetNastavnikController.pronaciOdeljenjePredmetNastavnik(java.lang.Integer)
2019-03-27 19:50:07.296  INFO 6452 --- [main] s.w.s.m.m.a.RequestMappingHandlerMapping : Mapped "{[/API/V1/odeljenje-predmet-nastavnik/{idOdeljenjePredmetNastavnik}/odeljenje/{idOdeljenja}],methods=[PUT]}" onto public org.springframework.http.ResponseEntity<?> com.iktpreobuka.elektronskidnevnik.controllers.OdeljenjePredmetNastavnikController.izmenitiOdeljenjeVezi(java.lang.Integer,java.lang.Integer)
2019-03-27 19:50:07.297  INFO 6452 --- [main] s.w.s.m.m.a.RequestMappingHandlerMapping : Mapped "{[/API/V1/odeljenje-predmet-nastavnik/{idOdeljenjePredmetNastavnik}/predmet/{idPredmeta}],methods=[PUT]}" onto public org.springframework.http.ResponseEntity<?> com.iktpreobuka.elektronskidnevnik.controllers.OdeljenjePredmetNastavnikController.izmenitiPredmetVezi(java.lang.Integer,java.lang.Integer)
2019-03-27 19:50:07.298  INFO 6452 --- [main] s.w.s.m.m.a.RequestMappingHandlerMapping : Mapped "{[/API/V1/odeljenje-predmet-nastavnik/{idOdeljenjePredmetNastavnik}/nastavnik/{idNastavnika}],methods=[PUT]}" onto public org.springframework.http.ResponseEntity<?> com.iktpreobuka.elektronskidnevnik.controllers.OdeljenjePredmetNastavnikController.izmenitiNastavnikaVezi(java.lang.Integer,java.lang.Integer)
2019-03-27 19:50:07.306  INFO 6452 --- [main] s.w.s.m.m.a.RequestMappingHandlerMapping : Mapped "{[/API/V1/predmet/{idPredmeta}],methods=[PUT]}" onto public org.springframework.http.ResponseEntity<?> com.iktpreobuka.elektronskidnevnik.controllers.PredmetController.izmenitiPredmet(com.iktpreobuka.elektronskidnevnik.entities.PredmetEntity,java.lang.Integer,org.springframework.validation.BindingResult)
2019-03-27 19:50:07.307  INFO 6452 --- [main] s.w.s.m.m.a.RequestMappingHandlerMapping : Mapped "{[/API/V1/predmet/{idPredmeta}],methods=[DELETE]}" onto public org.springframework.http.ResponseEntity<?> com.iktpreobuka.elektronskidnevnik.controllers.PredmetController.izbrisatiPredmet(java.lang.Integer)
2019-03-27 19:50:07.309  INFO 6452 --- [main] s.w.s.m.m.a.RequestMappingHandlerMapping : Mapped "{[/API/V1/predmet],methods=[POST]}" onto public org.springframework.http.ResponseEntity<?> com.iktpreobuka.elektronskidnevnik.controllers.PredmetController.dodatiPredmet(com.iktpreobuka.elektronskidnevnik.entities.PredmetEntity,org.springframework.validation.BindingResult)
2019-03-27 19:50:07.312  INFO 6452 --- [main] s.w.s.m.m.a.RequestMappingHandlerMapping : Mapped "{[/API/V1/predmet/{idPredmeta}],methods=[GET]}" onto public org.springframework.http.ResponseEntity<?> com.iktpreobuka.elektronskidnevnik.controllers.PredmetController.FpronaciPredmet(java.lang.Integer)
2019-03-27 19:50:07.314  INFO 6452 --- [main] s.w.s.m.m.a.RequestMappingHandlerMapping : Mapped "{[/API/V1/predmet],methods=[GET]}" onto public org.springframework.http.ResponseEntity<?> com.iktpreobuka.elektronskidnevnik.controllers.PredmetController.prikazatiPredmete()
2019-03-27 19:50:07.316  INFO 6452 --- [main] s.w.s.m.m.a.RequestMappingHandlerMapping : Mapped "{[/API/V1/predmet/predmeti-odeljenja/{idOdeljenja}],methods=[GET]}" onto public org.springframework.http.ResponseEntity<?> com.iktpreobuka.elektronskidnevnik.controllers.PredmetController.pronaciPredmeteOdeljenja(java.lang.Integer)
2019-03-27 19:50:07.321  INFO 6452 --- [main] s.w.s.m.m.a.RequestMappingHandlerMapping : Mapped "{[/API/V1/roditelj],methods=[POST]}" onto public org.springframework.http.ResponseEntity<?> com.iktpreobuka.elektronskidnevnik.controllers.RoditeljController.dodatiRoditelja(com.iktpreobuka.elektronskidnevnik.entities.RoditeljEntity,org.springframework.validation.BindingResult)
2019-03-27 19:50:07.321  INFO 6452 --- [main] s.w.s.m.m.a.RequestMappingHandlerMapping : Mapped "{[/API/V1/roditelj/{idRoditelja}],methods=[GET]}" onto public org.springframework.http.ResponseEntity<?> com.iktpreobuka.elektronskidnevnik.controllers.RoditeljController.pronaciRoditelja(java.lang.Integer)
2019-03-27 19:50:07.322  INFO 6452 --- [main] s.w.s.m.m.a.RequestMappingHandlerMapping : Mapped "{[/API/V1/roditelj/ime/{imeRoditelja}/prezime/{prezimeRoditelja}],methods=[GET]}" onto public org.springframework.http.ResponseEntity<?> com.iktpreobuka.elektronskidnevnik.controllers.RoditeljController.pronadjiRoditeljaPremaImenuPrezimenu(java.lang.String,java.lang.String)
2019-03-27 19:50:07.324  INFO 6452 --- [main] s.w.s.m.m.a.RequestMappingHandlerMapping : Mapped "{[/API/V1/roditelj/{idRoditelja}],methods=[PUT]}" onto public org.springframework.http.ResponseEntity<?> com.iktpreobuka.elektronskidnevnik.controllers.RoditeljController.izmenitiRoditelja(com.iktpreobuka.elektronskidnevnik.entities.RoditeljEntity,java.lang.Integer,org.springframework.validation.BindingResult)
2019-03-27 19:50:07.325  INFO 6452 --- [main] s.w.s.m.m.a.RequestMappingHandlerMapping : Mapped "{[/API/V1/roditelj/{idRoditelja}],methods=[DELETE]}" onto public org.springframework.http.ResponseEntity<?> com.iktpreobuka.elektronskidnevnik.controllers.RoditeljController.izbrisatiRoditelja(java.lang.Integer)
2019-03-27 19:50:07.338  INFO 6452 --- [main] s.w.s.m.m.a.RequestMappingHandlerMapping : Mapped "{[/API/V1/roditelj],methods=[GET]}" onto public org.springframework.http.ResponseEntity<?> com.iktpreobuka.elektronskidnevnik.controllers.RoditeljController.prikazatiRoditelje()
2019-03-27 19:50:07.340  INFO 6452 --- [main] s.w.s.m.m.a.RequestMappingHandlerMapping : Mapped "{[/API/V1/roditelj/ucenici/{idRoditelja}],methods=[GET]}" onto public org.springframework.http.ResponseEntity<?> com.iktpreobuka.elektronskidnevnik.controllers.RoditeljController.pronaciUcenikeRoditelja(java.lang.Integer)
2019-03-27 19:50:07.343  INFO 6452 --- [main] s.w.s.m.m.a.RequestMappingHandlerMapping : Mapped "{[/API/V1/uloga],methods=[GET]}" onto public org.springframework.http.ResponseEntity<?> com.iktpreobuka.elektronskidnevnik.controllers.RoleController.prikazatiUloge()
2019-03-27 19:50:07.346  INFO 6452 --- [main] s.w.s.m.m.a.RequestMappingHandlerMapping : Mapped "{[/API/V1/uloga],methods=[POST]}" onto public org.springframework.http.ResponseEntity<?> com.iktpreobuka.elektronskidnevnik.controllers.RoleController.dodatiUlogu(com.iktpreobuka.elektronskidnevnik.entities.RoleEntity,org.springframework.validation.BindingResult)
2019-03-27 19:50:07.350  INFO 6452 --- [main] s.w.s.m.m.a.RequestMappingHandlerMapping : Mapped "{[/API/V1/ucenik/{idRoditelja}],methods=[POST]}" onto public org.springframework.http.ResponseEntity<?> com.iktpreobuka.elektronskidnevnik.controllers.UcenikController.dodatiUcenika(com.iktpreobuka.elektronskidnevnik.entities.UcenikEntity,java.lang.Integer,org.springframework.validation.BindingResult)
2019-03-27 19:50:07.351  INFO 6452 --- [main] s.w.s.m.m.a.RequestMappingHandlerMapping : Mapped "{[/API/V1/ucenik/{idUcenika}],methods=[PUT]}" onto public org.springframework.http.ResponseEntity<?> com.iktpreobuka.elektronskidnevnik.controllers.UcenikController.izmenitiUcenika(com.iktpreobuka.elektronskidnevnik.entities.UcenikEntity,java.lang.Integer,org.springframework.validation.BindingResult)
2019-03-27 19:50:07.352  INFO 6452 --- [main] s.w.s.m.m.a.RequestMappingHandlerMapping : Mapped "{[/API/V1/ucenik/{idUcenika}],methods=[DELETE]}" onto public org.springframework.http.ResponseEntity<?> com.iktpreobuka.elektronskidnevnik.controllers.UcenikController.brisatiUcenika(java.lang.Integer)
2019-03-27 19:50:07.352  INFO 6452 --- [main] s.w.s.m.m.a.RequestMappingHandlerMapping : Mapped "{[/API/V1/ucenik/{idUcenika}],methods=[GET]}" onto public org.springframework.http.ResponseEntity<?> com.iktpreobuka.elektronskidnevnik.controllers.UcenikController.pronaciUcenika(java.lang.Integer)
2019-03-27 19:50:07.353  INFO 6452 --- [main] s.w.s.m.m.a.RequestMappingHandlerMapping : Mapped "{[/API/V1/ucenik],methods=[GET]}" onto public org.springframework.http.ResponseEntity<?> com.iktpreobuka.elektronskidnevnik.controllers.UcenikController.prikazatiUcenike()
2019-03-27 19:50:07.354  INFO 6452 --- [main] s.w.s.m.m.a.RequestMappingHandlerMapping : Mapped "{[/API/V1/ucenik/ime/{imeUcenika}/prezime/{prezimeUcenika}],methods=[GET]}" onto public org.springframework.http.ResponseEntity<?> com.iktpreobuka.elektronskidnevnik.controllers.UcenikController.pronaciNastavnikaPremaImenuIPrezimenu(java.lang.String,java.lang.String)
2019-03-27 19:50:07.355  INFO 6452 --- [main] s.w.s.m.m.a.RequestMappingHandlerMapping : Mapped "{[/API/V1/ucenik/{idUcenika}/odeljenje/{idOdeljenja}],methods=[PUT]}" onto public org.springframework.http.ResponseEntity<?> com.iktpreobuka.elektronskidnevnik.controllers.UcenikController.izmenitiOdeljenjeUceniku(java.lang.Integer,java.lang.Integer)
2019-03-27 19:50:07.355  INFO 6452 --- [main] s.w.s.m.m.a.RequestMappingHandlerMapping : Mapped "{[/API/V1/ucenik/{idUcenika}/roditelj/{idRoditelja}],methods=[PUT]}" onto public org.springframework.http.ResponseEntity<?> com.iktpreobuka.elektronskidnevnik.controllers.UcenikController.izmenitiRoditeljaUceniku(java.lang.Integer,java.lang.Integer)
2019-03-27 19:50:07.356  INFO 6452 --- [main] s.w.s.m.m.a.RequestMappingHandlerMapping : Mapped "{[/API/V1/ucenik/ucenici-odeljenja/{idOdeljenja}],methods=[GET]}" onto public org.springframework.http.ResponseEntity<?> com.iktpreobuka.elektronskidnevnik.controllers.UcenikController.pronaciUcenikeOdeljenja(java.lang.Integer)
2019-03-27 19:50:07.357  INFO 6452 --- [main] s.w.s.m.m.a.RequestMappingHandlerMapping : Mapped "{[/API/V1/ucenik/ucenici-bez-odeljenja],methods=[GET]}" onto public org.springframework.http.ResponseEntity<?> com.iktpreobuka.elektronskidnevnik.controllers.UcenikController.pronaciUcenikeBezOdeljenja()
2019-03-27 19:50:07.362  INFO 6452 --- [main] s.w.s.m.m.a.RequestMappingHandlerMapping : Mapped "{[/error]}" onto public org.springframework.http.ResponseEntity<java.util.Map<java.lang.String, java.lang.Object>> org.springframework.boot.autoconfigure.web.servlet.error.BasicErrorController.error(javax.servlet.http.HttpServletRequest)
2019-03-27 19:50:07.364  INFO 6452 --- [main] s.w.s.m.m.a.RequestMappingHandlerMapping : Mapped "{[/error],produces=[text/html]}" onto public org.springframework.web.servlet.ModelAndView org.springframework.boot.autoconfigure.web.servlet.error.BasicErrorController.errorHtml(javax.servlet.http.HttpServletRequest,javax.servlet.http.HttpServletResponse)
2019-03-27 19:50:07.448  INFO 6452 --- [main] o.s.w.s.handler.SimpleUrlHandlerMapping  : Mapped URL path [/webjars/**] onto handler of type [class org.springframework.web.servlet.resource.ResourceHttpRequestHandler]
2019-03-27 19:50:07.449  INFO 6452 --- [main] o.s.w.s.handler.SimpleUrlHandlerMapping  : Mapped URL path [/**] onto handler of type [class org.springframework.web.servlet.resource.ResourceHttpRequestHandler]
2019-03-27 19:50:07.527  INFO 6452 --- [main] o.s.s.web.DefaultSecurityFilterChain     : Creating filter chain: org.springframework.security.web.util.matcher.AnyRequestMatcher@1, [org.springframework.security.web.context.request.async.WebAsyncManagerIntegrationFilter@684372d0, org.springframework.security.web.context.SecurityContextPersistenceFilter@4bce62b, org.springframework.security.web.header.HeaderWriterFilter@7ae590f6, org.springframework.web.filter.CorsFilter@63dda940, org.springframework.security.web.authentication.logout.LogoutFilter@1471b98d, org.springframework.security.web.authentication.www.BasicAuthenticationFilter@1b1252c8, org.springframework.security.web.savedrequest.RequestCacheAwareFilter@15a8cebd, org.springframework.security.web.servletapi.SecurityContextHolderAwareRequestFilter@3ffd4b12, org.springframework.security.web.authentication.AnonymousAuthenticationFilter@41f964f9, org.springframework.security.web.session.SessionManagementFilter@2a5abd3c, org.springframework.security.web.access.ExceptionTranslationFilter@2eb1c615, org.springframework.security.web.access.intercept.FilterSecurityInterceptor@bb8ead8]
2019-03-27 19:50:08.619  INFO 6452 --- [main] s.w.s.m.m.a.RequestMappingHandlerAdapter : Looking for @ControllerAdvice: org.springframework.boot.web.servlet.context.AnnotationConfigServletWebServerApplicationContext@9f116cc: startup date [Wed Mar 27 19:49:45 CET 2019]; root of context hierarchy
2019-03-27 19:50:10.918  INFO 6452 --- [main] .s.s.UserDetailsServiceAutoConfiguration : 

Using generated security password: 9512505b-4e9f-4928-b8d5-18ed3c5202b5

2019-03-27 19:50:11.358  INFO 6452 --- [main] o.s.j.e.a.AnnotationMBeanExporter        : Registering beans for JMX exposure on startup
2019-03-27 19:50:11.365  INFO 6452 --- [main] o.s.j.e.a.AnnotationMBeanExporter        : Bean with name 'dataSource' has been autodetected for JMX exposure
2019-03-27 19:50:11.380  INFO 6452 --- [main] o.s.j.e.a.AnnotationMBeanExporter        : Located MBean 'dataSource': registering with JMX server as MBean [com.zaxxer.hikari:name=dataSource,type=HikariDataSource]
2019-03-27 19:50:13.284  INFO 6452 --- [main] o.s.b.w.embedded.tomcat.TomcatWebServer  : Tomcat started on port(s): 8090 (http) with context path ''
2019-03-27 19:50:13.298  INFO 6452 --- [main] c.i.e.ElektronskiDnevnikApplication      : Started ElektronskiDnevnikApplication in 30.0 seconds (JVM running for 34.209)
2019-03-27 21:03:32.024  INFO 6452 --- [http-nio-8090-exec-10] o.a.c.c.C.[Tomcat].[localhost].[/]       : Initializing Spring FrameworkServlet 'dispatcherServlet'
2019-03-27 21:03:32.078  INFO 6452 --- [http-nio-8090-exec-10] o.s.web.servlet.DispatcherServlet        : FrameworkServlet 'dispatcherServlet': initialization started
2019-03-27 21:03:32.911  INFO 6452 --- [http-nio-8090-exec-10] o.s.web.servlet.DispatcherServlet        : FrameworkServlet 'dispatcherServlet': initialization completed in 833 ms
2019-03-27 21:50:24.140  INFO 6452 --- [RMI TCP Connection(4)-127.0.0.1] inMXBeanRegistrar$SpringApplicationAdmin : Application shutdown requested.
2019-03-27 21:50:24.087  INFO 6452 --- [RMI TCP Connection(2)-127.0.0.1] inMXBeanRegistrar$SpringApplicationAdmin : Application shutdown requested.
2019-03-27 21:50:24.598  INFO 6452 --- [RMI TCP Connection(4)-127.0.0.1] ConfigServletWebServerApplicationContext : Closing org.springframework.boot.web.servlet.context.AnnotationConfigServletWebServerApplicationContext@9f116cc: startup date [Wed Mar 27 19:49:45 CET 2019]; root of context hierarchy
2019-03-27 21:50:29.923  INFO 6452 --- [RMI TCP Connection(4)-127.0.0.1] o.s.j.e.a.AnnotationMBeanExporter        : Unregistering JMX-exposed beans on shutdown
2019-03-27 21:50:30.137  INFO 6452 --- [RMI TCP Connection(4)-127.0.0.1] o.s.j.e.a.AnnotationMBeanExporter        : Unregistering JMX-exposed beans
2019-03-27 21:50:31.113  INFO 6452 --- [RMI TCP Connection(4)-127.0.0.1] j.LocalContainerEntityManagerFactoryBean : Closing JPA EntityManagerFactory for persistence unit 'default'
2019-03-27 21:50:33.856  INFO 6452 --- [RMI TCP Connection(4)-127.0.0.1] com.zaxxer.hikari.HikariDataSource       : HikariPool-1 - Shutdown initiated...
2019-03-27 21:50:34.201  INFO 6452 --- [RMI TCP Connection(4)-127.0.0.1] com.zaxxer.hikari.HikariDataSource       : HikariPool-1 - Shutdown completed.
2019-03-27 21:52:08.630  INFO 7132 --- [main] c.i.e.ElektronskiDnevnikApplication      : Starting ElektronskiDnevnikApplication on PAPO-PC with PID 7132 (started by PAPO in D:\projekat elektronski dnevnik II\elektronski_dnevnik_back-end-master)
2019-03-27 21:52:08.637  INFO 7132 --- [main] c.i.e.ElektronskiDnevnikApplication      : No active profile set, falling back to default profiles: default
2019-03-27 21:52:08.956  INFO 7132 --- [main] ConfigServletWebServerApplicationContext : Refreshing org.springframework.boot.web.servlet.context.AnnotationConfigServletWebServerApplicationContext@323b36e0: startup date [Wed Mar 27 21:52:08 CET 2019]; root of context hierarchy
2019-03-27 21:52:13.784  INFO 7132 --- [main] trationDelegate$BeanPostProcessorChecker : Bean 'org.springframework.transaction.annotation.ProxyTransactionManagementConfiguration' of type [org.springframework.transaction.annotation.ProxyTransactionManagementConfiguration$$EnhancerBySpringCGLIB$$c578dad4] is not eligible for getting processed by all BeanPostProcessors (for example: not eligible for auto-proxying)
2019-03-27 21:52:13.915  INFO 7132 --- [main] trationDelegate$BeanPostProcessorChecker : Bean 'org.springframework.security.config.annotation.configuration.ObjectPostProcessorConfiguration' of type [org.springframework.security.config.annotation.configuration.ObjectPostProcessorConfiguration$$EnhancerBySpringCGLIB$$5e26a30e] is not eligible for getting processed by all BeanPostProcessors (for example: not eligible for auto-proxying)
2019-03-27 21:52:13.934  INFO 7132 --- [main] trationDelegate$BeanPostProcessorChecker : Bean 'objectPostProcessor' of type [org.springframework.security.config.annotation.configuration.AutowireBeanFactoryObjectPostProcessor] is not eligible for getting processed by all BeanPostProcessors (for example: not eligible for auto-proxying)
2019-03-27 21:52:13.938  INFO 7132 --- [main] trationDelegate$BeanPostProcessorChecker : Bean 'org.springframework.security.access.expression.method.DefaultMethodSecurityExpressionHandler@288a4658' of type [org.springframework.security.access.expression.method.DefaultMethodSecurityExpressionHandler] is not eligible for getting processed by all BeanPostProcessors (for example: not eligible for auto-proxying)
2019-03-27 21:52:13.953  INFO 7132 --- [main] trationDelegate$BeanPostProcessorChecker : Bean 'org.springframework.security.config.annotation.method.configuration.GlobalMethodSecurityConfiguration' of type [org.springframework.security.config.annotation.method.configuration.GlobalMethodSecurityConfiguration$$EnhancerBySpringCGLIB$$82fb45c0] is not eligible for getting processed by all BeanPostProcessors (for example: not eligible for auto-proxying)
2019-03-27 21:52:13.988  INFO 7132 --- [main] trationDelegate$BeanPostProcessorChecker : Bean 'methodSecurityMetadataSource' of type [org.springframework.security.access.method.DelegatingMethodSecurityMetadataSource] is not eligible for getting processed by all BeanPostProcessors (for example: not eligible for auto-proxying)
2019-03-27 21:52:15.351  INFO 7132 --- [main] o.s.b.w.embedded.tomcat.TomcatWebServer  : Tomcat initialized with port(s): 8090 (http)
2019-03-27 21:52:15.471  INFO 7132 --- [main] o.apache.catalina.core.StandardService   : Starting service [Tomcat]
2019-03-27 21:52:15.472  INFO 7132 --- [main] org.apache.catalina.core.StandardEngine  : Starting Servlet Engine: Apache Tomcat/8.5.31
2019-03-27 21:52:15.495  INFO 7132 --- [localhost-startStop-1] o.a.catalina.core.AprLifecycleListener   : The APR based Apache Tomcat Native library which allows optimal performance in production environments was not found on the java.library.path: [C:\Program Files\Java\jre1.8.0_162\bin;C:\Windows\Sun\Java\bin;C:\Windows\system32;C:\Windows;C:/Program Files/Java/jre1.8.0_191/bin/server;C:/Program Files/Java/jre1.8.0_191/bin;C:/Program Files/Java/jre1.8.0_191/lib/amd64;C:\Program Files (x86)\Common Files\Oracle\Java\javapath;C:\Python27\;C:\Python27\Scripts;D:\Program Files\MAVEN\apache-maven-3.5.0-bin\apache-maven-3.5.0\bin;C:\Program Files\Java\jdk1.8.0_162\bin;C:\Users\PAPO\AppData\Roaming\nvm;C:\Program Files\nodejs;D:\Microsoft VS Code\bin;D:\Program Files\Git\cmd;C:\Users\PAPO\AppData\Local\Android\Sdk\platform-tools;C:\ProgramData\chocolatey\bin;C:\Program Files\nodejs\;C:\Program Files\MySQL\MySQL Utilities 1.6\;C:\Program Files\Intel\WiFi\bin\;C:\Program Files\Common Files\Intel\WirelessCommon\;C:\Users\PAPO\AppData\Local\atom\bin;C:\Users\PAPO\AppData\Roaming\nvm;C:\Program Files\nodejs;C:\Users\PAPO\AppData\Local\Android\Sdk\platform-tools;C:\Users\PAPO\AppData\Roaming\npm;D:\Program Files\SPRING\spring-tool-suite-3.8.4.RELEASE-e4.6.3-win32-x86_64\sts-bundle\sts-3.8.4.RELEASE;;.]
2019-03-27 21:52:16.473  INFO 7132 --- [localhost-startStop-1] o.a.c.c.C.[Tomcat].[localhost].[/]       : Initializing Spring embedded WebApplicationContext
2019-03-27 21:52:16.474  INFO 7132 --- [localhost-startStop-1] o.s.web.context.ContextLoader            : Root WebApplicationContext: initialization completed in 7518 ms
2019-03-27 21:52:17.120  INFO 7132 --- [localhost-startStop-1] o.s.b.w.servlet.FilterRegistrationBean   : Mapping filter: 'characterEncodingFilter' to: [/*]
2019-03-27 21:52:17.122  INFO 7132 --- [localhost-startStop-1] o.s.b.w.servlet.FilterRegistrationBean   : Mapping filter: 'hiddenHttpMethodFilter' to: [/*]
2019-03-27 21:52:17.122  INFO 7132 --- [localhost-startStop-1] o.s.b.w.servlet.FilterRegistrationBean   : Mapping filter: 'httpPutFormContentFilter' to: [/*]
2019-03-27 21:52:17.122  INFO 7132 --- [localhost-startStop-1] o.s.b.w.servlet.FilterRegistrationBean   : Mapping filter: 'requestContextFilter' to: [/*]
2019-03-27 21:52:17.123  INFO 7132 --- [localhost-startStop-1] .s.DelegatingFilterProxyRegistrationBean : Mapping filter: 'springSecurityFilterChain' to: [/*]
2019-03-27 21:52:17.124  INFO 7132 --- [localhost-startStop-1] o.s.b.w.servlet.ServletRegistrationBean  : Servlet dispatcherServlet mapped to [/]
2019-03-27 21:52:17.847  INFO 7132 --- [main] com.zaxxer.hikari.HikariDataSource       : HikariPool-1 - Starting...
2019-03-27 21:52:18.119  WARN 7132 --- [main] com.zaxxer.hikari.util.DriverDataSource  : Registered driver with driverClassName=com.mysql.jdbc.Driver was not found, trying direct instantiation.
2019-03-27 21:52:18.955  INFO 7132 --- [main] com.zaxxer.hikari.HikariDataSource       : HikariPool-1 - Start completed.
2019-03-27 21:52:19.174  INFO 7132 --- [main] j.LocalContainerEntityManagerFactoryBean : Building JPA container EntityManagerFactory for persistence unit 'default'
2019-03-27 21:52:28.468  INFO 7132 --- [main] j.LocalContainerEntityManagerFactoryBean : Initialized JPA EntityManagerFactory for persistence unit 'default'
2019-03-27 21:52:35.738  INFO 7132 --- [main] o.s.w.s.handler.SimpleUrlHandlerMapping  : Mapped URL path [/**/favicon.ico] onto handler of type [class org.springframework.web.servlet.resource.ResourceHttpRequestHandler]
2019-03-27 21:52:35.834  WARN 7132 --- [main] aWebConfiguration$JpaWebMvcConfiguration : spring.jpa.open-in-view is enabled by default. Therefore, database queries may be performed during view rendering. Explicitly configure spring.jpa.open-in-view to disable this warning
2019-03-27 21:52:36.128  INFO 7132 --- [main] s.w.s.m.m.a.RequestMappingHandlerMapping : Mapped "{[/API/V1/admin],methods=[POST]}" onto public org.springframework.http.ResponseEntity<?> com.iktpreobuka.elektronskidnevnik.controllers.AdminController.dodatiAdmina(com.iktpreobuka.elektronskidnevnik.entities.AdminEntity,org.springframework.validation.BindingResult)
2019-03-27 21:52:36.134  INFO 7132 --- [main] s.w.s.m.m.a.RequestMappingHandlerMapping : Mapped "{[/API/V1/admin],methods=[GET]}" onto public org.springframework.http.ResponseEntity<?> com.iktpreobuka.elektronskidnevnik.controllers.AdminController.prikazatiAdmine()
2019-03-27 21:52:36.135  INFO 7132 --- [main] s.w.s.m.m.a.RequestMappingHandlerMapping : Mapped "{[/API/V1/admin/logs/{fileName:.+}]}" onto public void com.iktpreobuka.elektronskidnevnik.controllers.AdminController.downloader(javax.servlet.http.HttpServletRequest,javax.servlet.http.HttpServletResponse,java.lang.String)
2019-03-27 21:52:36.144  INFO 7132 --- [main] s.w.s.m.m.a.RequestMappingHandlerMapping : Mapped "{[/API/V1/auth/login],methods=[POST]}" onto public org.springframework.http.ResponseEntity<java.lang.Object> com.iktpreobuka.elektronskidnevnik.controllers.AuthController.login()
2019-03-27 21:52:36.151  INFO 7132 --- [main] s.w.s.m.m.a.RequestMappingHandlerMapping : Mapped "{[/API/V1/nastavnik/{idNastavnika}],methods=[PUT]}" onto public org.springframework.http.ResponseEntity<?> com.iktpreobuka.elektronskidnevnik.controllers.NastavnikController.izmenitiNastavnika(com.iktpreobuka.elektronskidnevnik.entities.NastavnikEntity,java.lang.Integer,org.springframework.validation.BindingResult)
2019-03-27 21:52:36.155  INFO 7132 --- [main] s.w.s.m.m.a.RequestMappingHandlerMapping : Mapped "{[/API/V1/nastavnik/{idNastavnika}],methods=[DELETE]}" onto public org.springframework.http.ResponseEntity<?> com.iktpreobuka.elektronskidnevnik.controllers.NastavnikController.izbrisatiNastavnika(java.lang.Integer)
2019-03-27 21:52:36.157  INFO 7132 --- [main] s.w.s.m.m.a.RequestMappingHandlerMapping : Mapped "{[/API/V1/nastavnik/{idNastavnika}],methods=[GET]}" onto public org.springframework.http.ResponseEntity<?> com.iktpreobuka.elektronskidnevnik.controllers.NastavnikController.pronaciNastavnika(java.lang.Integer)
2019-03-27 21:52:36.158  INFO 7132 --- [main] s.w.s.m.m.a.RequestMappingHandlerMapping : Mapped "{[/API/V1/nastavnik],methods=[GET]}" onto public org.springframework.http.ResponseEntity<?> com.iktpreobuka.elektronskidnevnik.controllers.NastavnikController.prikazatiNastavnike()
2019-03-27 21:52:36.159  INFO 7132 --- [main] s.w.s.m.m.a.RequestMappingHandlerMapping : Mapped "{[/API/V1/nastavnik/nastavnici-odeljenja/{idOdeljenja}],methods=[GET]}" onto public org.springframework.http.ResponseEntity<?> com.iktpreobuka.elektronskidnevnik.controllers.NastavnikController.pronaciNastavnikeOdeljenja(java.lang.Integer)
2019-03-27 21:52:36.160  INFO 7132 --- [main] s.w.s.m.m.a.RequestMappingHandlerMapping : Mapped "{[/API/V1/nastavnik/ime/{imeNastavnika}/prezime/{prezimeNastavnika}],methods=[GET]}" onto public org.springframework.http.ResponseEntity<?> com.iktpreobuka.elektronskidnevnik.controllers.NastavnikController.pronaciNastavnikaPremaImenuIPrezimenu(java.lang.String,java.lang.String)
2019-03-27 21:52:36.161  INFO 7132 --- [main] s.w.s.m.m.a.RequestMappingHandlerMapping : Mapped "{[/API/V1/nastavnik/odeljenja-predmeti/{idNastavnika}],methods=[GET]}" onto public org.springframework.http.ResponseEntity<?> com.iktpreobuka.elektronskidnevnik.controllers.NastavnikController.pronaciOdeljenjaIPredmeteNastavnik(java.lang.Integer)
2019-03-27 21:52:36.162  INFO 7132 --- [main] s.w.s.m.m.a.RequestMappingHandlerMapping : Mapped "{[/API/V1/nastavnik],methods=[POST]}" onto public org.springframework.http.ResponseEntity<?> com.iktpreobuka.elektronskidnevnik.controllers.NastavnikController.dodatiNastavnika(com.iktpreobuka.elektronskidnevnik.entities.NastavnikEntity,org.springframework.validation.BindingResult)
2019-03-27 21:52:36.170  INFO 7132 --- [main] s.w.s.m.m.a.RequestMappingHandlerMapping : Mapped "{[/API/V1/ocena/ucenik/{idUcenika}],methods=[GET]}" onto public org.springframework.http.ResponseEntity<?> com.iktpreobuka.elektronskidnevnik.controllers.OcenaController.pronaciOceneUcenika(java.lang.Integer)
2019-03-27 21:52:36.171  INFO 7132 --- [main] s.w.s.m.m.a.RequestMappingHandlerMapping : Mapped "{[/API/V1/ocena/ocene-ucenika/{idOdeljenjePredmetNastavnik}],methods=[GET]}" onto public org.springframework.http.ResponseEntity<?> com.iktpreobuka.elektronskidnevnik.controllers.OcenaController.pronaciOceneUcenikaPredmeta(java.lang.Integer)
2019-03-27 21:52:36.173  INFO 7132 --- [main] s.w.s.m.m.a.RequestMappingHandlerMapping : Mapped "{[/API/V1/ocena/datumom],methods=[GET]}" onto public org.springframework.http.ResponseEntity<?> com.iktpreobuka.elektronskidnevnik.controllers.OcenaController.pronaciOcenePoDatumuNovo(java.util.Date)
2019-03-27 21:52:36.174  INFO 7132 --- [main] s.w.s.m.m.a.RequestMappingHandlerMapping : Mapped "{[/API/V1/ocena/datumi],methods=[GET]}" onto public org.springframework.http.ResponseEntity<?> com.iktpreobuka.elektronskidnevnik.controllers.OcenaController.pronaciOcenePoDvaDatumuNovooo(java.util.Date,java.util.Date) throws java.text.ParseException
2019-03-27 21:52:36.178  INFO 7132 --- [main] s.w.s.m.m.a.RequestMappingHandlerMapping : Mapped "{[/API/V1/ocena/ucenik/{idUcenika}/odeljenjePredmetNastavnik/{idOdeljenjePredmetNastavnik}],methods=[POST]}" onto public org.springframework.http.ResponseEntity<?> com.iktpreobuka.elektronskidnevnik.controllers.OcenaController.dodatiOcenu(com.iktpreobuka.elektronskidnevnik.entities.OcenaEntity,java.lang.Integer,java.lang.Integer,org.springframework.validation.BindingResult) throws java.lang.Exception
2019-03-27 21:52:36.180  INFO 7132 --- [main] s.w.s.m.m.a.RequestMappingHandlerMapping : Mapped "{[/API/V1/ocena/{idOcene}],methods=[PUT]}" onto private org.springframework.http.ResponseEntity<?> com.iktpreobuka.elektronskidnevnik.controllers.OcenaController.izmenitiOcenu(com.iktpreobuka.elektronskidnevnik.entities.OcenaEntity,java.lang.Integer,org.springframework.validation.BindingResult)
2019-03-27 21:52:36.181  INFO 7132 --- [main] s.w.s.m.m.a.RequestMappingHandlerMapping : Mapped "{[/API/V1/ocena/{idOcene}],methods=[DELETE]}" onto public org.springframework.http.ResponseEntity<?> com.iktpreobuka.elektronskidnevnik.controllers.OcenaController.brisatiOcenu(java.lang.Integer)
2019-03-27 21:52:36.182  INFO 7132 --- [main] s.w.s.m.m.a.RequestMappingHandlerMapping : Mapped "{[/API/V1/ocena/{idOcene}],methods=[GET]}" onto public org.springframework.http.ResponseEntity<?> com.iktpreobuka.elektronskidnevnik.controllers.OcenaController.pronaciOcenu(java.lang.Integer)
2019-03-27 21:52:36.183  INFO 7132 --- [main] s.w.s.m.m.a.RequestMappingHandlerMapping : Mapped "{[/API/V1/ocena],methods=[GET]}" onto public org.springframework.http.ResponseEntity<?> com.iktpreobuka.elektronskidnevnik.controllers.OcenaController.prikazatiOcene()
2019-03-27 21:52:36.186  INFO 7132 --- [main] s.w.s.m.m.a.RequestMappingHandlerMapping : Mapped "{[/API/V1/odeljenje/{idOdeljenja}],methods=[PUT]}" onto public org.springframework.http.ResponseEntity<?> com.iktpreobuka.elektronskidnevnik.controllers.OdeljenjeController.izmenitiOdeljenje(com.iktpreobuka.elektronskidnevnik.entities.OdeljenjeEntity,java.lang.Integer,org.springframework.validation.BindingResult)
2019-03-27 21:52:36.187  INFO 7132 --- [main] s.w.s.m.m.a.RequestMappingHandlerMapping : Mapped "{[/API/V1/odeljenje/{idOdeljenja}],methods=[DELETE]}" onto public org.springframework.http.ResponseEntity<?> com.iktpreobuka.elektronskidnevnik.controllers.OdeljenjeController.izbrisatiOdeljenje(java.lang.Integer)
2019-03-27 21:52:36.188  INFO 7132 --- [main] s.w.s.m.m.a.RequestMappingHandlerMapping : Mapped "{[/API/V1/odeljenje],methods=[GET]}" onto public org.springframework.http.ResponseEntity<?> com.iktpreobuka.elektronskidnevnik.controllers.OdeljenjeController.prikazatiOdeljenja()
2019-03-27 21:52:36.189  INFO 7132 --- [main] s.w.s.m.m.a.RequestMappingHandlerMapping : Mapped "{[/API/V1/odeljenje/{idOdeljenja}],methods=[GET]}" onto public org.springframework.http.ResponseEntity<?> com.iktpreobuka.elektronskidnevnik.controllers.OdeljenjeController.pronaciOdeljenje(java.lang.Integer)
2019-03-27 21:52:36.190  INFO 7132 --- [main] s.w.s.m.m.a.RequestMappingHandlerMapping : Mapped "{[/API/V1/odeljenje],methods=[POST]}" onto public org.springframework.http.ResponseEntity<?> com.iktpreobuka.elektronskidnevnik.controllers.OdeljenjeController.dodatiOdeljenje(com.iktpreobuka.elektronskidnevnik.entities.OdeljenjeEntity,org.springframework.validation.BindingResult)
2019-03-27 21:52:36.193  INFO 7132 --- [main] s.w.s.m.m.a.RequestMappingHandlerMapping : Mapped "{[/API/V1/odeljenje-predmet-nastavnik/nastavnici-predmeti/{idOdeljenja}],methods=[GET]}" onto public org.springframework.http.ResponseEntity<?> com.iktpreobuka.elektronskidnevnik.controllers.OdeljenjePredmetNastavnikController.pronaciNastavnikeOdeljenja(java.lang.Integer)
2019-03-27 21:52:36.194  INFO 7132 --- [main] s.w.s.m.m.a.RequestMappingHandlerMapping : Mapped "{[/API/V1/odeljenje-predmet-nastavnik/odeljenje/{idOdeljenja}/predmet/{idPredmeta}/nastavnik/{idNastavnika}],methods=[POST]}" onto public org.springframework.http.ResponseEntity<?> com.iktpreobuka.elektronskidnevnik.controllers.OdeljenjePredmetNastavnikController.dodatiOdeljenjaPredmetNastavnik(java.lang.Integer,java.lang.Integer,java.lang.Integer)
2019-03-27 21:52:36.196  INFO 7132 --- [main] s.w.s.m.m.a.RequestMappingHandlerMapping : Mapped "{[/API/V1/odeljenje-predmet-nastavnik/{idOdeljenjePredmetNastavnik}],methods=[GET]}" onto public org.springframework.http.ResponseEntity<?> com.iktpreobuka.elektronskidnevnik.controllers.OdeljenjePredmetNastavnikController.pronaciOdeljenjePredmetNastavnik(java.lang.Integer)
2019-03-27 21:52:36.197  INFO 7132 --- [main] s.w.s.m.m.a.RequestMappingHandlerMapping : Mapped "{[/API/V1/odeljenje-predmet-nastavnik/{idOdeljenjePredmetNastavnik}/odeljenje/{idOdeljenja}],methods=[PUT]}" onto public org.springframework.http.ResponseEntity<?> com.iktpreobuka.elektronskidnevnik.controllers.OdeljenjePredmetNastavnikController.izmenitiOdeljenjeVezi(java.lang.Integer,java.lang.Integer)
2019-03-27 21:52:36.197  INFO 7132 --- [main] s.w.s.m.m.a.RequestMappingHandlerMapping : Mapped "{[/API/V1/odeljenje-predmet-nastavnik/{idOdeljenjePredmetNastavnik}/predmet/{idPredmeta}],methods=[PUT]}" onto public org.springframework.http.ResponseEntity<?> com.iktpreobuka.elektronskidnevnik.controllers.OdeljenjePredmetNastavnikController.izmenitiPredmetVezi(java.lang.Integer,java.lang.Integer)
2019-03-27 21:52:36.199  INFO 7132 --- [main] s.w.s.m.m.a.RequestMappingHandlerMapping : Mapped "{[/API/V1/odeljenje-predmet-nastavnik/{idOdeljenjePredmetNastavnik}/nastavnik/{idNastavnika}],methods=[PUT]}" onto public org.springframework.http.ResponseEntity<?> com.iktpreobuka.elektronskidnevnik.controllers.OdeljenjePredmetNastavnikController.izmenitiNastavnikaVezi(java.lang.Integer,java.lang.Integer)
2019-03-27 21:52:36.200  INFO 7132 --- [main] s.w.s.m.m.a.RequestMappingHandlerMapping : Mapped "{[/API/V1/odeljenje-predmet-nastavnik/{idOdeljenjePredmetNastavnik}],methods=[DELETE]}" onto public org.springframework.http.ResponseEntity<?> com.iktpreobuka.elektronskidnevnik.controllers.OdeljenjePredmetNastavnikController.obrisatiOdeljenjePredmetNastavnik(java.lang.Integer)
2019-03-27 21:52:36.201  INFO 7132 --- [main] s.w.s.m.m.a.RequestMappingHandlerMapping : Mapped "{[/API/V1/odeljenje-predmet-nastavnik],methods=[GET]}" onto public org.springframework.http.ResponseEntity<?> com.iktpreobuka.elektronskidnevnik.controllers.OdeljenjePredmetNastavnikController.prikazatiOdeljenjePredmetNastavnik()
2019-03-27 21:52:36.203  INFO 7132 --- [main] s.w.s.m.m.a.RequestMappingHandlerMapping : Mapped "{[/API/V1/predmet],methods=[GET]}" onto public org.springframework.http.ResponseEntity<?> com.iktpreobuka.elektronskidnevnik.controllers.PredmetController.prikazatiPredmete()
2019-03-27 21:52:36.205  INFO 7132 --- [main] s.w.s.m.m.a.RequestMappingHandlerMapping : Mapped "{[/API/V1/predmet/predmeti-odeljenja/{idOdeljenja}],methods=[GET]}" onto public org.springframework.http.ResponseEntity<?> com.iktpreobuka.elektronskidnevnik.controllers.PredmetController.pronaciPredmeteOdeljenja(java.lang.Integer)
2019-03-27 21:52:36.207  INFO 7132 --- [main] s.w.s.m.m.a.RequestMappingHandlerMapping : Mapped "{[/API/V1/predmet/{idPredmeta}],methods=[PUT]}" onto public org.springframework.http.ResponseEntity<?> com.iktpreobuka.elektronskidnevnik.controllers.PredmetController.izmenitiPredmet(com.iktpreobuka.elektronskidnevnik.entities.PredmetEntity,java.lang.Integer,org.springframework.validation.BindingResult)
2019-03-27 21:52:36.208  INFO 7132 --- [main] s.w.s.m.m.a.RequestMappingHandlerMapping : Mapped "{[/API/V1/predmet/{idPredmeta}],methods=[DELETE]}" onto public org.springframework.http.ResponseEntity<?> com.iktpreobuka.elektronskidnevnik.controllers.PredmetController.izbrisatiPredmet(java.lang.Integer)
2019-03-27 21:52:36.209  INFO 7132 --- [main] s.w.s.m.m.a.RequestMappingHandlerMapping : Mapped "{[/API/V1/predmet],methods=[POST]}" onto public org.springframework.http.ResponseEntity<?> com.iktpreobuka.elektronskidnevnik.controllers.PredmetController.dodatiPredmet(com.iktpreobuka.elektronskidnevnik.entities.PredmetEntity,org.springframework.validation.BindingResult)
2019-03-27 21:52:36.210  INFO 7132 --- [main] s.w.s.m.m.a.RequestMappingHandlerMapping : Mapped "{[/API/V1/predmet/{idPredmeta}],methods=[GET]}" onto public org.springframework.http.ResponseEntity<?> com.iktpreobuka.elektronskidnevnik.controllers.PredmetController.FpronaciPredmet(java.lang.Integer)
2019-03-27 21:52:36.213  INFO 7132 --- [main] s.w.s.m.m.a.RequestMappingHandlerMapping : Mapped "{[/API/V1/roditelj/{idRoditelja}],methods=[PUT]}" onto public org.springframework.http.ResponseEntity<?> com.iktpreobuka.elektronskidnevnik.controllers.RoditeljController.izmenitiRoditelja(com.iktpreobuka.elektronskidnevnik.entities.RoditeljEntity,java.lang.Integer,org.springframework.validation.BindingResult)
2019-03-27 21:52:36.214  INFO 7132 --- [main] s.w.s.m.m.a.RequestMappingHandlerMapping : Mapped "{[/API/V1/roditelj/{idRoditelja}],methods=[DELETE]}" onto public org.springframework.http.ResponseEntity<?> com.iktpreobuka.elektronskidnevnik.controllers.RoditeljController.izbrisatiRoditelja(java.lang.Integer)
2019-03-27 21:52:36.215  INFO 7132 --- [main] s.w.s.m.m.a.RequestMappingHandlerMapping : Mapped "{[/API/V1/roditelj],methods=[GET]}" onto public org.springframework.http.ResponseEntity<?> com.iktpreobuka.elektronskidnevnik.controllers.RoditeljController.prikazatiRoditelje()
2019-03-27 21:52:36.216  INFO 7132 --- [main] s.w.s.m.m.a.RequestMappingHandlerMapping : Mapped "{[/API/V1/roditelj/ucenici/{idRoditelja}],methods=[GET]}" onto public org.springframework.http.ResponseEntity<?> com.iktpreobuka.elektronskidnevnik.controllers.RoditeljController.pronaciUcenikeRoditelja(java.lang.Integer)
2019-03-27 21:52:36.217  INFO 7132 --- [main] s.w.s.m.m.a.RequestMappingHandlerMapping : Mapped "{[/API/V1/roditelj],methods=[POST]}" onto public org.springframework.http.ResponseEntity<?> com.iktpreobuka.elektronskidnevnik.controllers.RoditeljController.dodatiRoditelja(com.iktpreobuka.elektronskidnevnik.entities.RoditeljEntity,org.springframework.validation.BindingResult)
2019-03-27 21:52:36.219  INFO 7132 --- [main] s.w.s.m.m.a.RequestMappingHandlerMapping : Mapped "{[/API/V1/roditelj/{idRoditelja}],methods=[GET]}" onto public org.springframework.http.ResponseEntity<?> com.iktpreobuka.elektronskidnevnik.controllers.RoditeljController.pronaciRoditelja(java.lang.Integer)
2019-03-27 21:52:36.220  INFO 7132 --- [main] s.w.s.m.m.a.RequestMappingHandlerMapping : Mapped "{[/API/V1/roditelj/ime/{imeRoditelja}/prezime/{prezimeRoditelja}],methods=[GET]}" onto public org.springframework.http.ResponseEntity<?> com.iktpreobuka.elektronskidnevnik.controllers.RoditeljController.pronadjiRoditeljaPremaImenuPrezimenu(java.lang.String,java.lang.String)
2019-03-27 21:52:36.222  INFO 7132 --- [main] s.w.s.m.m.a.RequestMappingHandlerMapping : Mapped "{[/API/V1/uloga],methods=[GET]}" onto public org.springframework.http.ResponseEntity<?> com.iktpreobuka.elektronskidnevnik.controllers.RoleController.prikazatiUloge()
2019-03-27 21:52:36.223  INFO 7132 --- [main] s.w.s.m.m.a.RequestMappingHandlerMapping : Mapped "{[/API/V1/uloga],methods=[POST]}" onto public org.springframework.http.ResponseEntity<?> com.iktpreobuka.elektronskidnevnik.controllers.RoleController.dodatiUlogu(com.iktpreobuka.elektronskidnevnik.entities.RoleEntity,org.springframework.validation.BindingResult)
2019-03-27 21:52:36.229  INFO 7132 --- [main] s.w.s.m.m.a.RequestMappingHandlerMapping : Mapped "{[/API/V1/ucenik/{idUcenika}/odeljenje/{idOdeljenja}],methods=[PUT]}" onto public org.springframework.http.ResponseEntity<?> com.iktpreobuka.elektronskidnevnik.controllers.UcenikController.izmenitiOdeljenjeUceniku(java.lang.Integer,java.lang.Integer)
2019-03-27 21:52:36.230  INFO 7132 --- [main] s.w.s.m.m.a.RequestMappingHandlerMapping : Mapped "{[/API/V1/ucenik/{idUcenika}/roditelj/{idRoditelja}],methods=[PUT]}" onto public org.springframework.http.ResponseEntity<?> com.iktpreobuka.elektronskidnevnik.controllers.UcenikController.izmenitiRoditeljaUceniku(java.lang.Integer,java.lang.Integer)
2019-03-27 21:52:36.231  INFO 7132 --- [main] s.w.s.m.m.a.RequestMappingHandlerMapping : Mapped "{[/API/V1/ucenik/ucenici-odeljenja/{idOdeljenja}],methods=[GET]}" onto public org.springframework.http.ResponseEntity<?> com.iktpreobuka.elektronskidnevnik.controllers.UcenikController.pronaciUcenikeOdeljenja(java.lang.Integer)
2019-03-27 21:52:36.232  INFO 7132 --- [main] s.w.s.m.m.a.RequestMappingHandlerMapping : Mapped "{[/API/V1/ucenik/ucenici-bez-odeljenja],methods=[GET]}" onto public org.springframework.http.ResponseEntity<?> com.iktpreobuka.elektronskidnevnik.controllers.UcenikController.pronaciUcenikeBezOdeljenja()
2019-03-27 21:52:36.232  INFO 7132 --- [main] s.w.s.m.m.a.RequestMappingHandlerMapping : Mapped "{[/API/V1/ucenik/{idRoditelja}],methods=[POST]}" onto public org.springframework.http.ResponseEntity<?> com.iktpreobuka.elektronskidnevnik.controllers.UcenikController.dodatiUcenika(com.iktpreobuka.elektronskidnevnik.entities.UcenikEntity,java.lang.Integer,org.springframework.validation.BindingResult)
2019-03-27 21:52:36.233  INFO 7132 --- [main] s.w.s.m.m.a.RequestMappingHandlerMapping : Mapped "{[/API/V1/ucenik/{idUcenika}],methods=[PUT]}" onto public org.springframework.http.ResponseEntity<?> com.iktpreobuka.elektronskidnevnik.controllers.UcenikController.izmenitiUcenika(com.iktpreobuka.elektronskidnevnik.entities.UcenikEntity,java.lang.Integer,org.springframework.validation.BindingResult)
2019-03-27 21:52:36.235  INFO 7132 --- [main] s.w.s.m.m.a.RequestMappingHandlerMapping : Mapped "{[/API/V1/ucenik/{idUcenika}],methods=[DELETE]}" onto public org.springframework.http.ResponseEntity<?> com.iktpreobuka.elektronskidnevnik.controllers.UcenikController.brisatiUcenika(java.lang.Integer)
2019-03-27 21:52:36.236  INFO 7132 --- [main] s.w.s.m.m.a.RequestMappingHandlerMapping : Mapped "{[/API/V1/ucenik/{idUcenika}],methods=[GET]}" onto public org.springframework.http.ResponseEntity<?> com.iktpreobuka.elektronskidnevnik.controllers.UcenikController.pronaciUcenika(java.lang.Integer)
2019-03-27 21:52:36.237  INFO 7132 --- [main] s.w.s.m.m.a.RequestMappingHandlerMapping : Mapped "{[/API/V1/ucenik],methods=[GET]}" onto public org.springframework.http.ResponseEntity<?> com.iktpreobuka.elektronskidnevnik.controllers.UcenikController.prikazatiUcenike()
2019-03-27 21:52:36.238  INFO 7132 --- [main] s.w.s.m.m.a.RequestMappingHandlerMapping : Mapped "{[/API/V1/ucenik/ime/{imeUcenika}/prezime/{prezimeUcenika}],methods=[GET]}" onto public org.springframework.http.ResponseEntity<?> com.iktpreobuka.elektronskidnevnik.controllers.UcenikController.pronaciNastavnikaPremaImenuIPrezimenu(java.lang.String,java.lang.String)
2019-03-27 21:52:36.250  INFO 7132 --- [main] s.w.s.m.m.a.RequestMappingHandlerMapping : Mapped "{[/error]}" onto public org.springframework.http.ResponseEntity<java.util.Map<java.lang.String, java.lang.Object>> org.springframework.boot.autoconfigure.web.servlet.error.BasicErrorController.error(javax.servlet.http.HttpServletRequest)
2019-03-27 21:52:36.252  INFO 7132 --- [main] s.w.s.m.m.a.RequestMappingHandlerMapping : Mapped "{[/error],produces=[text/html]}" onto public org.springframework.web.servlet.ModelAndView org.springframework.boot.autoconfigure.web.servlet.error.BasicErrorController.errorHtml(javax.servlet.http.HttpServletRequest,javax.servlet.http.HttpServletResponse)
2019-03-27 21:52:36.367  INFO 7132 --- [main] o.s.w.s.handler.SimpleUrlHandlerMapping  : Mapped URL path [/webjars/**] onto handler of type [class org.springframework.web.servlet.resource.ResourceHttpRequestHandler]
2019-03-27 21:52:36.367  INFO 7132 --- [main] o.s.w.s.handler.SimpleUrlHandlerMapping  : Mapped URL path [/**] onto handler of type [class org.springframework.web.servlet.resource.ResourceHttpRequestHandler]
2019-03-27 21:52:36.507  INFO 7132 --- [main] o.s.s.web.DefaultSecurityFilterChain     : Creating filter chain: org.springframework.security.web.util.matcher.AnyRequestMatcher@1, [org.springframework.security.web.context.request.async.WebAsyncManagerIntegrationFilter@63dda940, org.springframework.security.web.context.SecurityContextPersistenceFilter@370c7cc5, org.springframework.security.web.header.HeaderWriterFilter@5c234920, org.springframework.web.filter.CorsFilter@41f964f9, org.springframework.security.web.authentication.logout.LogoutFilter@1216eb3f, org.springframework.security.web.authentication.www.BasicAuthenticationFilter@19d53ab4, org.springframework.security.web.savedrequest.RequestCacheAwareFilter@2a04ab05, org.springframework.security.web.servletapi.SecurityContextHolderAwareRequestFilter@7bf018dd, org.springframework.security.web.authentication.AnonymousAuthenticationFilter@652e345, org.springframework.security.web.session.SessionManagementFilter@7ae590f6, org.springframework.security.web.access.ExceptionTranslationFilter@62e73ab6, org.springframework.security.web.access.intercept.FilterSecurityInterceptor@5b44318]
2019-03-27 21:52:37.580  INFO 7132 --- [main] s.w.s.m.m.a.RequestMappingHandlerAdapter : Looking for @ControllerAdvice: org.springframework.boot.web.servlet.context.AnnotationConfigServletWebServerApplicationContext@323b36e0: startup date [Wed Mar 27 21:52:08 CET 2019]; root of context hierarchy
2019-03-27 21:52:38.358  INFO 7132 --- [main] .s.s.UserDetailsServiceAutoConfiguration : 

Using generated security password: d8ff3051-0aa6-47bd-8c02-ef29ed243411

2019-03-27 21:52:38.575  INFO 7132 --- [main] o.s.j.e.a.AnnotationMBeanExporter        : Registering beans for JMX exposure on startup
2019-03-27 21:52:38.581  INFO 7132 --- [main] o.s.j.e.a.AnnotationMBeanExporter        : Bean with name 'dataSource' has been autodetected for JMX exposure
2019-03-27 21:52:38.595  INFO 7132 --- [main] o.s.j.e.a.AnnotationMBeanExporter        : Located MBean 'dataSource': registering with JMX server as MBean [com.zaxxer.hikari:name=dataSource,type=HikariDataSource]
2019-03-27 21:52:41.969  INFO 7132 --- [main] o.s.b.w.embedded.tomcat.TomcatWebServer  : Tomcat started on port(s): 8090 (http) with context path ''
2019-03-27 21:52:43.240  INFO 7132 --- [main] c.i.e.ElektronskiDnevnikApplication      : Started ElektronskiDnevnikApplication in 36.871 seconds (JVM running for 41.338)
2019-03-27 21:53:45.050  INFO 7132 --- [http-nio-8090-exec-2] o.a.c.c.C.[Tomcat].[localhost].[/]       : Initializing Spring FrameworkServlet 'dispatcherServlet'
2019-03-27 21:53:45.050  INFO 7132 --- [http-nio-8090-exec-2] o.s.web.servlet.DispatcherServlet        : FrameworkServlet 'dispatcherServlet': initialization started
2019-03-27 21:53:45.102  INFO 7132 --- [http-nio-8090-exec-2] o.s.web.servlet.DispatcherServlet        : FrameworkServlet 'dispatcherServlet': initialization completed in 52 ms
2019-03-27 22:53:54.485  INFO 7132 --- [RMI TCP Connection(2)-127.0.0.1] inMXBeanRegistrar$SpringApplicationAdmin : Application shutdown requested.
2019-03-27 22:53:57.537  INFO 7132 --- [RMI TCP Connection(2)-127.0.0.1] ConfigServletWebServerApplicationContext : Closing org.springframework.boot.web.servlet.context.AnnotationConfigServletWebServerApplicationContext@323b36e0: startup date [Wed Mar 27 21:52:08 CET 2019]; root of context hierarchy
2019-03-27 22:54:03.706  INFO 7132 --- [RMI TCP Connection(2)-127.0.0.1] o.s.j.e.a.AnnotationMBeanExporter        : Unregistering JMX-exposed beans on shutdown
2019-03-27 22:54:03.760  INFO 7132 --- [RMI TCP Connection(2)-127.0.0.1] o.s.j.e.a.AnnotationMBeanExporter        : Unregistering JMX-exposed beans
2019-03-27 22:54:04.099  INFO 7132 --- [RMI TCP Connection(2)-127.0.0.1] j.LocalContainerEntityManagerFactoryBean : Closing JPA EntityManagerFactory for persistence unit 'default'
2019-03-27 22:54:04.687  INFO 7132 --- [RMI TCP Connection(2)-127.0.0.1] com.zaxxer.hikari.HikariDataSource       : HikariPool-1 - Shutdown initiated...
2019-03-27 22:54:04.985  INFO 7132 --- [RMI TCP Connection(2)-127.0.0.1] com.zaxxer.hikari.HikariDataSource       : HikariPool-1 - Shutdown completed.
